<?xml version="1.0" encoding="UTF-8"?>
<testng-results ignored="0" total="1" passed="1" failed="0" skipped="0">
  <reporter-output>
  </reporter-output>
  <suite started-at="2020-12-21T22:38:48 IST" name="Default suite" finished-at="2020-12-21T22:40:00 IST" duration-ms="72520">
    <groups>
    </groups>
    <test started-at="2020-12-21T22:38:48 IST" name="Default test" finished-at="2020-12-21T22:40:00 IST" duration-ms="72520">
      <class name="task_1_171220.AmazonIPhone">
        <test-method is-config="true" signature="launchbrowser()[pri:0, instance:task_1_171220.AmazonIPhone@636be97c]" started-at="2020-12-21T22:38:48 IST" name="launchbrowser" finished-at="2020-12-21T22:39:10 IST" duration-ms="22415" status="PASS">
          <reporter-output>
          </reporter-output>
        </test-method> <!-- launchbrowser -->
        <test-method signature="task1()[pri:0, instance:task_1_171220.AmazonIPhone@636be97c]" started-at="2020-12-21T22:39:10 IST" name="task1" finished-at="2020-12-21T22:39:46 IST" duration-ms="36133" status="PASS">
          <reporter-output>
          </reporter-output>
        </test-method> <!-- task1 -->
        <test-method is-config="true" signature="closebrowser()[pri:0, instance:task_1_171220.AmazonIPhone@636be97c]" started-at="2020-12-21T22:39:46 IST" name="closebrowser" finished-at="2020-12-21T22:40:00 IST" duration-ms="13823" status="PASS">
          <reporter-output>
          </reporter-output>
        </test-method> <!-- closebrowser -->
      </class> <!-- task_1_171220.AmazonIPhone -->
    </test> <!-- Default test -->
  </suite> <!-- Default suite -->
</testng-results>
