<?xml version="1.0" encoding="UTF-8"?>
<testng-results ignored="0" total="1" passed="1" failed="0" skipped="0">
  <reporter-output>
  </reporter-output>
  <suite started-at="2020-12-23T08:13:25 IST" name="Default suite" finished-at="2020-12-23T08:14:28 IST" duration-ms="63560">
    <groups>
    </groups>
    <test started-at="2020-12-23T08:13:25 IST" name="Default test" finished-at="2020-12-23T08:14:28 IST" duration-ms="63560">
      <class name="task_1_171220.SnapDeal">
        <test-method is-config="true" signature="launchbrowser()[pri:0, instance:task_1_171220.SnapDeal@636be97c]" started-at="2020-12-23T08:13:25 IST" name="launchbrowser" finished-at="2020-12-23T08:13:43 IST" duration-ms="18193" status="PASS">
          <reporter-output>
          </reporter-output>
        </test-method> <!-- launchbrowser -->
        <test-method signature="task2()[pri:0, instance:task_1_171220.SnapDeal@636be97c]" started-at="2020-12-23T08:13:43 IST" name="task2" finished-at="2020-12-23T08:14:23 IST" duration-ms="39328" status="PASS">
          <reporter-output>
          </reporter-output>
        </test-method> <!-- task2 -->
        <test-method is-config="true" signature="closebrowser()[pri:0, instance:task_1_171220.SnapDeal@636be97c]" started-at="2020-12-23T08:14:23 IST" name="closebrowser" finished-at="2020-12-23T08:14:28 IST" duration-ms="5750" status="PASS">
          <reporter-output>
          </reporter-output>
        </test-method> <!-- closebrowser -->
      </class> <!-- task_1_171220.SnapDeal -->
    </test> <!-- Default test -->
  </suite> <!-- Default suite -->
</testng-results>
